{"uid":"7845261bbf8bc188","name":"Verifying the create Job api is able to create the inwarrenty job","fullName":"com.api.test.CreateJobApiTest.createJobApiTest","historyId":"f8c78dffeebfd80e76f316a4839e5379","time":{"start":1769194746652,"stop":1769194747275,"duration":623},"status":"broken","statusMessage":"Schema to use cannot be null","statusTrace":"java.lang.IllegalArgumentException: Schema to use cannot be null\n\tat io.restassured.module.jsv.JsonSchemaValidator.validateSchemaIsNotNull(JsonSchemaValidator.java:270)\n\tat io.restassured.module.jsv.JsonSchemaValidator.access$300(JsonSchemaValidator.java:75)\n\tat io.restassured.module.jsv.JsonSchemaValidator$JsonSchemaValidatorFactory.create(JsonSchemaValidator.java:281)\n\tat io.restassured.module.jsv.JsonSchemaValidator.matchesJsonSchema(JsonSchemaValidator.java:166)\n\tat io.restassured.module.jsv.JsonSchemaValidator.matchesJsonSchemaInClasspath(JsonSchemaValidator.java:117)\n\tat com.api.test.CreateJobApiTest.createJobApiTest(CreateJobApiTest.java:53)\n\tat java.base/jdk.internal.reflect.NativeMethodAccessorImpl.invoke0(Native Method)\n\tat java.base/jdk.internal.reflect.NativeMethodAccessorImpl.invoke(NativeMethodAccessorImpl.java:77)\n\tat java.base/jdk.internal.reflect.DelegatingMethodAccessorImpl.invoke(DelegatingMethodAccessorImpl.java:43)\n\tat java.base/java.lang.reflect.Method.invoke(Method.java:569)\n\tat org.testng.internal.invokers.MethodInvocationHelper.invokeMethod(MethodInvocationHelper.java:141)\n\tat org.testng.internal.invokers.TestInvoker.invokeMethod(TestInvoker.java:687)\n\tat org.testng.internal.invokers.TestInvoker.invokeTestMethod(TestInvoker.java:230)\n\tat org.testng.internal.invokers.MethodRunner.runInSequence(MethodRunner.java:63)\n\tat org.testng.internal.invokers.TestInvoker$MethodInvocationAgent.invoke(TestInvoker.java:995)\n\tat org.testng.internal.invokers.TestInvoker.invokeTestMethods(TestInvoker.java:203)\n\tat org.testng.internal.invokers.TestMethodWorker.invokeTestMethods(TestMethodWorker.java:154)\n\tat org.testng.internal.invokers.TestMethodWorker.run(TestMethodWorker.java:134)\n\tat java.base/java.util.ArrayList.forEach(ArrayList.java:1511)\n\tat org.testng.TestRunner.privateRun(TestRunner.java:741)\n\tat org.testng.TestRunner.run(TestRunner.java:616)\n\tat org.testng.SuiteRunner.runTest(SuiteRunner.java:421)\n\tat org.testng.SuiteRunner.runSequentially(SuiteRunner.java:413)\n\tat org.testng.SuiteRunner.privateRun(SuiteRunner.java:373)\n\tat org.testng.SuiteRunner.run(SuiteRunner.java:312)\n\tat org.testng.SuiteRunnerWorker.runSuite(SuiteRunnerWorker.java:52)\n\tat org.testng.SuiteRunnerWorker.run(SuiteRunnerWorker.java:95)\n\tat org.testng.TestNG.runSuitesSequentially(TestNG.java:1274)\n\tat org.testng.TestNG.runSuitesLocally(TestNG.java:1208)\n\tat org.testng.TestNG.runSuites(TestNG.java:1112)\n\tat org.testng.TestNG.run(TestNG.java:1079)\n\tat org.apache.maven.surefire.testng.TestNGExecutor.run(TestNGExecutor.java:308)\n\tat org.apache.maven.surefire.testng.TestNGXmlTestSuite.execute(TestNGXmlTestSuite.java:71)\n\tat org.apache.maven.surefire.testng.TestNGProvider.invoke(TestNGProvider.java:113)\n\tat org.apache.maven.surefire.booter.ForkedBooter.runSuitesInProcess(ForkedBooter.java:385)\n\tat org.apache.maven.surefire.booter.ForkedBooter.execute(ForkedBooter.java:162)\n\tat org.apache.maven.surefire.booter.ForkedBooter.run(ForkedBooter.java:507)\n\tat org.apache.maven.surefire.booter.ForkedBooter.main(ForkedBooter.java:495)\n","flaky":false,"newFailed":false,"newBroken":false,"newPassed":false,"retriesCount":0,"retriesStatusChange":false,"beforeStages":[{"name":"creating the creat job api payload","time":{"start":1769194746641,"stop":1769194746649,"duration":8},"description":"creating the creat job api payload","status":"passed","steps":[],"attachments":[],"parameters":[],"stepsCount":0,"attachmentsCount":0,"shouldDisplayMessage":false,"hasContent":false}],"testStage":{"status":"broken","statusMessage":"Schema to use cannot be null","statusTrace":"java.lang.IllegalArgumentException: Schema to use cannot be null\n\tat io.restassured.module.jsv.JsonSchemaValidator.validateSchemaIsNotNull(JsonSchemaValidator.java:270)\n\tat io.restassured.module.jsv.JsonSchemaValidator.access$300(JsonSchemaValidator.java:75)\n\tat io.restassured.module.jsv.JsonSchemaValidator$JsonSchemaValidatorFactory.create(JsonSchemaValidator.java:281)\n\tat io.restassured.module.jsv.JsonSchemaValidator.matchesJsonSchema(JsonSchemaValidator.java:166)\n\tat io.restassured.module.jsv.JsonSchemaValidator.matchesJsonSchemaInClasspath(JsonSchemaValidator.java:117)\n\tat com.api.test.CreateJobApiTest.createJobApiTest(CreateJobApiTest.java:53)\n\tat java.base/jdk.internal.reflect.NativeMethodAccessorImpl.invoke0(Native Method)\n\tat java.base/jdk.internal.reflect.NativeMethodAccessorImpl.invoke(NativeMethodAccessorImpl.java:77)\n\tat java.base/jdk.internal.reflect.DelegatingMethodAccessorImpl.invoke(DelegatingMethodAccessorImpl.java:43)\n\tat java.base/java.lang.reflect.Method.invoke(Method.java:569)\n\tat org.testng.internal.invokers.MethodInvocationHelper.invokeMethod(MethodInvocationHelper.java:141)\n\tat org.testng.internal.invokers.TestInvoker.invokeMethod(TestInvoker.java:687)\n\tat org.testng.internal.invokers.TestInvoker.invokeTestMethod(TestInvoker.java:230)\n\tat org.testng.internal.invokers.MethodRunner.runInSequence(MethodRunner.java:63)\n\tat org.testng.internal.invokers.TestInvoker$MethodInvocationAgent.invoke(TestInvoker.java:995)\n\tat org.testng.internal.invokers.TestInvoker.invokeTestMethods(TestInvoker.java:203)\n\tat org.testng.internal.invokers.TestMethodWorker.invokeTestMethods(TestMethodWorker.java:154)\n\tat org.testng.internal.invokers.TestMethodWorker.run(TestMethodWorker.java:134)\n\tat java.base/java.util.ArrayList.forEach(ArrayList.java:1511)\n\tat org.testng.TestRunner.privateRun(TestRunner.java:741)\n\tat org.testng.TestRunner.run(TestRunner.java:616)\n\tat org.testng.SuiteRunner.runTest(SuiteRunner.java:421)\n\tat org.testng.SuiteRunner.runSequentially(SuiteRunner.java:413)\n\tat org.testng.SuiteRunner.privateRun(SuiteRunner.java:373)\n\tat org.testng.SuiteRunner.run(SuiteRunner.java:312)\n\tat org.testng.SuiteRunnerWorker.runSuite(SuiteRunnerWorker.java:52)\n\tat org.testng.SuiteRunnerWorker.run(SuiteRunnerWorker.java:95)\n\tat org.testng.TestNG.runSuitesSequentially(TestNG.java:1274)\n\tat org.testng.TestNG.runSuitesLocally(TestNG.java:1208)\n\tat org.testng.TestNG.runSuites(TestNG.java:1112)\n\tat org.testng.TestNG.run(TestNG.java:1079)\n\tat org.apache.maven.surefire.testng.TestNGExecutor.run(TestNGExecutor.java:308)\n\tat org.apache.maven.surefire.testng.TestNGXmlTestSuite.execute(TestNGXmlTestSuite.java:71)\n\tat org.apache.maven.surefire.testng.TestNGProvider.invoke(TestNGProvider.java:113)\n\tat org.apache.maven.surefire.booter.ForkedBooter.runSuitesInProcess(ForkedBooter.java:385)\n\tat org.apache.maven.surefire.booter.ForkedBooter.execute(ForkedBooter.java:162)\n\tat org.apache.maven.surefire.booter.ForkedBooter.run(ForkedBooter.java:507)\n\tat org.apache.maven.surefire.booter.ForkedBooter.main(ForkedBooter.java:495)\n","steps":[{"name":"Creating job api for role: FD with payload: CreateJobPayload[mst_service_location_id=1, mst_platform_id=2, mst_warrenty_status_id=1, mst_oem_id=1, customer=Customer[first_name=Denis, last_name=Boyer, mobile_number=986-350-8890, mobile_number_alt=9823984974, email_id=abc@gmail.com, email_id_alt=abc2@gmail.com], customer_address=Customer_Address[flat_number=c 304, apartment_name=Jupiter, street_name=MG road, landmark=Bangur Nagar, area=Goregaon West, pincode=411039, country=India, state=Maharashtra], customer_product=Customer_Product[dop=2026-01-13T18:59:06.643335301Z, serial_number=26867419449447, imei1=26867419449447, imei2=26867419449447, popurl=2026-01-13T18:59:06.643600266Z, product_id=1, mst_model_id=1], problems=[Problems[id=1, remark=Battery Issue]]]","time":{"start":1769194746667,"stop":1769194747272,"duration":605},"status":"passed","steps":[{"name":"Setting up the Base URI, and content-Type as application/json and attaching the Sensitive data filter for role and attaching payload","time":{"start":1769194746668,"stop":1769194746683,"duration":15},"status":"passed","steps":[{"name":"Getting auth token for the role: FD","time":{"start":1769194746670,"stop":1769194746670,"duration":0},"status":"passed","steps":[],"attachments":[],"parameters":[{"name":"role","value":"FD"}],"stepsCount":0,"attachmentsCount":0,"shouldDisplayMessage":false,"hasContent":true}],"attachments":[],"parameters":[{"name":"role","value":"FD"},{"name":"userCredentials","value":"CreateJobPayload[mst_service_location_id=1, mst_platform_id=2, mst_warrenty_status_id=1, mst_oem_id=1, customer=Customer[first_name=Denis, last_name=Boyer, mobile_number=986-350-8890, mobile_number_alt=9823984974, email_id=abc@gmail.com, email_id_alt=abc2@gmail.com], customer_address=Customer_Address[flat_number=c 304, apartment_name=Jupiter, street_name=MG road, landmark=Bangur Nagar, area=Goregaon West, pincode=411039, country=India, state=Maharashtra], customer_product=Customer_Product[dop=2026-01-13T18:59:06.643335301Z, serial_number=26867419449447, imei1=26867419449447, imei2=26867419449447, popurl=2026-01-13T18:59:06.643600266Z, product_id=1, mst_model_id=1], problems=[Problems[id=1, remark=Battery Issue]]]"}],"stepsCount":1,"attachmentsCount":0,"shouldDisplayMessage":false,"hasContent":true}],"attachments":[{"uid":"5b40058d23a7dac","name":"Request","source":"5b40058d23a7dac.html","type":"text/html","size":5113},{"uid":"7bce95330e79e0f0","name":"HTTP/1.1 200 OK","source":"7bce95330e79e0f0.html","type":"text/html","size":1314}],"parameters":[{"name":"role","value":"FD"},{"name":"createJobPayload","value":"CreateJobPayload[mst_service_location_id=1, mst_platform_id=2, mst_warrenty_status_id=1, mst_oem_id=1, customer=Customer[first_name=Denis, last_name=Boyer, mobile_number=986-350-8890, mobile_number_alt=9823984974, email_id=abc@gmail.com, email_id_alt=abc2@gmail.com], customer_address=Customer_Address[flat_number=c 304, apartment_name=Jupiter, street_name=MG road, landmark=Bangur Nagar, area=Goregaon West, pincode=411039, country=India, state=Maharashtra], customer_product=Customer_Product[dop=2026-01-13T18:59:06.643335301Z, serial_number=26867419449447, imei1=26867419449447, imei2=26867419449447, popurl=2026-01-13T18:59:06.643600266Z, product_id=1, mst_model_id=1], problems=[Problems[id=1, remark=Battery Issue]]]"}],"stepsCount":2,"attachmentsCount":2,"shouldDisplayMessage":false,"hasContent":true},{"name":"Verifying the Response Status code and Response Time","time":{"start":1769194747272,"stop":1769194747273,"duration":1},"status":"passed","steps":[],"attachments":[],"parameters":[],"stepsCount":0,"attachmentsCount":0,"shouldDisplayMessage":false,"hasContent":false}],"attachments":[],"parameters":[],"stepsCount":4,"attachmentsCount":2,"shouldDisplayMessage":true,"hasContent":true},"afterStages":[],"labels":[{"name":"package","value":"com.api.test.CreateJobApiTest"},{"name":"testClass","value":"com.api.test.CreateJobApiTest"},{"name":"testMethod","value":"createJobApiTest"},{"name":"parentSuite","value":"Phoenix Api Test Suite"},{"name":"suite","value":"InWarrenty Flow Test"},{"name":"subSuite","value":"com.api.test.CreateJobApiTest"},{"name":"host","value":"runnervmymu0l"},{"name":"thread","value":"2323@runnervmymu0l.main(1)"},{"name":"framework","value":"testng"},{"name":"language","value":"java"},{"name":"resultFormat","value":"allure2"}],"parameters":[],"links":[],"hidden":false,"retry":false,"extra":{"severity":"normal","retries":[],"categories":[{"name":"Test defects","matchedStatuses":[],"flaky":false}],"tags":[]},"source":"7845261bbf8bc188.json","parameterValues":[]}